{
  "/home/kiran/Documents/Projects/ProjectNxtWatch/src/Constants/storageUtilities.tsx": {
    "path": "/home/kiran/Documents/Projects/ProjectNxtWatch/src/Constants/storageUtilities.tsx",
    "statementMap": {
      "0": {
        "start": {
          "line": 3,
          "column": 25
        },
        "end": {
          "line": 9,
          "column": 1
        }
      },
      "1": {
        "start": {
          "line": 8,
          "column": 2
        },
        "end": {
          "line": 8,
          "column": 36
        }
      },
      "2": {
        "start": {
          "line": 11,
          "column": 25
        },
        "end": {
          "line": 11,
          "column": 75
        }
      },
      "3": {
        "start": {
          "line": 11,
          "column": 51
        },
        "end": {
          "line": 11,
          "column": 75
        }
      },
      "4": {
        "start": {
          "line": 13,
          "column": 28
        },
        "end": {
          "line": 15,
          "column": 1
        }
      },
      "5": {
        "start": {
          "line": 14,
          "column": 2
        },
        "end": {
          "line": 14,
          "column": 30
        }
      }
    },
    "fnMap": {
      "0": {
        "name": "(anonymous_0)",
        "decl": {
          "start": {
            "line": 3,
            "column": 25
          },
          "end": {
            "line": 3,
            "column": 26
          }
        },
        "loc": {
          "start": {
            "line": 7,
            "column": 5
          },
          "end": {
            "line": 9,
            "column": 1
          }
        },
        "line": 7
      },
      "1": {
        "name": "(anonymous_1)",
        "decl": {
          "start": {
            "line": 11,
            "column": 25
          },
          "end": {
            "line": 11,
            "column": 26
          }
        },
        "loc": {
          "start": {
            "line": 11,
            "column": 51
          },
          "end": {
            "line": 11,
            "column": 75
          }
        },
        "line": 11
      },
      "2": {
        "name": "(anonymous_2)",
        "decl": {
          "start": {
            "line": 13,
            "column": 28
          },
          "end": {
            "line": 13,
            "column": 29
          }
        },
        "loc": {
          "start": {
            "line": 13,
            "column": 34
          },
          "end": {
            "line": 15,
            "column": 1
          }
        },
        "line": 13
      }
    },
    "branchMap": {
      "0": {
        "loc": {
          "start": {
            "line": 6,
            "column": 2
          },
          "end": {
            "line": 6,
            "column": 40
          }
        },
        "type": "default-arg",
        "locations": [
          {
            "start": {
              "line": 6,
              "column": 38
            },
            "end": {
              "line": 6,
              "column": 40
            }
          }
        ],
        "line": 6
      }
    },
    "s": {
      "0": 7,
      "1": 0,
      "2": 7,
      "3": 48,
      "4": 7,
      "5": 2
    },
    "f": {
      "0": 0,
      "1": 48,
      "2": 2
    },
    "b": {
      "0": [
        0
      ]
    },
    "_coverageSchema": "1a1c01bbd47fc00a2c39e90264f33305004495a9",
    "hash": "77e30b8b606d47446df2f2f65bd4223283eeb087"
  },
  "/home/kiran/Documents/Projects/ProjectNxtWatch/src/Constants/fetchUtilities.tsx": {
    "path": "/home/kiran/Documents/Projects/ProjectNxtWatch/src/Constants/fetchUtilities.tsx",
    "statementMap": {
      "0": {
        "start": {
          "line": 7,
          "column": 17
        },
        "end": {
          "line": 22,
          "column": 1
        }
      },
      "1": {
        "start": {
          "line": 11,
          "column": 2
        },
        "end": {
          "line": 21,
          "column": 3
        }
      },
      "2": {
        "start": {
          "line": 12,
          "column": 21
        },
        "end": {
          "line": 12,
          "column": 46
        }
      },
      "3": {
        "start": {
          "line": 13,
          "column": 17
        },
        "end": {
          "line": 13,
          "column": 38
        }
      },
      "4": {
        "start": {
          "line": 15,
          "column": 4
        },
        "end": {
          "line": 17,
          "column": 5
        }
      },
      "5": {
        "start": {
          "line": 16,
          "column": 6
        },
        "end": {
          "line": 16,
          "column": 37
        }
      },
      "6": {
        "start": {
          "line": 18,
          "column": 4
        },
        "end": {
          "line": 18,
          "column": 36
        }
      },
      "7": {
        "start": {
          "line": 20,
          "column": 4
        },
        "end": {
          "line": 20,
          "column": 37
        }
      }
    },
    "fnMap": {
      "0": {
        "name": "(anonymous_0)",
        "decl": {
          "start": {
            "line": 7,
            "column": 17
          },
          "end": {
            "line": 7,
            "column": 18
          }
        },
        "loc": {
          "start": {
            "line": 10,
            "column": 27
          },
          "end": {
            "line": 22,
            "column": 1
          }
        },
        "line": 10
      }
    },
    "branchMap": {
      "0": {
        "loc": {
          "start": {
            "line": 15,
            "column": 4
          },
          "end": {
            "line": 17,
            "column": 5
          }
        },
        "type": "if",
        "locations": [
          {
            "start": {
              "line": 15,
              "column": 4
            },
            "end": {
              "line": 17,
              "column": 5
            }
          },
          {
            "start": {
              "line": 15,
              "column": 4
            },
            "end": {
              "line": 17,
              "column": 5
            }
          }
        ],
        "line": 15
      }
    },
    "s": {
      "0": 7,
      "1": 0,
      "2": 0,
      "3": 0,
      "4": 0,
      "5": 0,
      "6": 0,
      "7": 0
    },
    "f": {
      "0": 0
    },
    "b": {
      "0": [
        0,
        0
      ]
    },
    "_coverageSchema": "1a1c01bbd47fc00a2c39e90264f33305004495a9",
    "hash": "ffed741fdad3930fd98341fd1653f9a026baa6a5"
  },
  "/home/kiran/Documents/Projects/ProjectNxtWatch/src/components/Login/styledComponents.ts": {
    "path": "/home/kiran/Documents/Projects/ProjectNxtWatch/src/components/Login/styledComponents.ts",
    "statementMap": {
      "0": {
        "start": {
          "line": 3,
          "column": 30
        },
        "end": {
          "line": 11,
          "column": 1
        }
      },
      "1": {
        "start": {
          "line": 13,
          "column": 34
        },
        "end": {
          "line": 26,
          "column": 1
        }
      },
      "2": {
        "start": {
          "line": 28,
          "column": 27
        },
        "end": {
          "line": 33,
          "column": 1
        }
      },
      "3": {
        "start": {
          "line": 35,
          "column": 21
        },
        "end": {
          "line": 43,
          "column": 1
        }
      },
      "4": {
        "start": {
          "line": 45,
          "column": 26
        },
        "end": {
          "line": 55,
          "column": 1
        }
      },
      "5": {
        "start": {
          "line": 56,
          "column": 20
        },
        "end": {
          "line": 58,
          "column": 1
        }
      },
      "6": {
        "start": {
          "line": 59,
          "column": 33
        },
        "end": {
          "line": 62,
          "column": 1
        }
      },
      "7": {
        "start": {
          "line": 64,
          "column": 27
        },
        "end": {
          "line": 77,
          "column": 1
        }
      },
      "8": {
        "start": {
          "line": 78,
          "column": 24
        },
        "end": {
          "line": 84,
          "column": 1
        }
      }
    },
    "fnMap": {},
    "branchMap": {},
    "s": {
      "0": 7,
      "1": 7,
      "2": 7,
      "3": 7,
      "4": 7,
      "5": 7,
      "6": 7,
      "7": 7,
      "8": 7
    },
    "f": {},
    "b": {},
    "_coverageSchema": "1a1c01bbd47fc00a2c39e90264f33305004495a9",
    "hash": "df34f15931fba85c1902be1e75d53a486867e647"
  },
  "/home/kiran/Documents/Projects/ProjectNxtWatch/src/components/Login/index.tsx": {
    "path": "/home/kiran/Documents/Projects/ProjectNxtWatch/src/components/Login/index.tsx",
    "statementMap": {
      "0": {
        "start": {
          "line": 20,
          "column": 2
        },
        "end": {
          "line": 20,
          "column": 79
        }
      },
      "1": {
        "start": {
          "line": 22,
          "column": 24
        },
        "end": {
          "line": 120,
          "column": 1
        }
      },
      "2": {
        "start": {
          "line": 23,
          "column": 34
        },
        "end": {
          "line": 23,
          "column": 46
        }
      },
      "3": {
        "start": {
          "line": 24,
          "column": 34
        },
        "end": {
          "line": 24,
          "column": 46
        }
      },
      "4": {
        "start": {
          "line": 25,
          "column": 42
        },
        "end": {
          "line": 25,
          "column": 62
        }
      },
      "5": {
        "start": {
          "line": 26,
          "column": 32
        },
        "end": {
          "line": 26,
          "column": 47
        }
      },
      "6": {
        "start": {
          "line": 27,
          "column": 34
        },
        "end": {
          "line": 27,
          "column": 46
        }
      },
      "7": {
        "start": {
          "line": 29,
          "column": 19
        },
        "end": {
          "line": 29,
          "column": 32
        }
      },
      "8": {
        "start": {
          "line": 31,
          "column": 25
        },
        "end": {
          "line": 33,
          "column": 3
        }
      },
      "9": {
        "start": {
          "line": 32,
          "column": 4
        },
        "end": {
          "line": 32,
          "column": 36
        }
      },
      "10": {
        "start": {
          "line": 35,
          "column": 25
        },
        "end": {
          "line": 37,
          "column": 3
        }
      },
      "11": {
        "start": {
          "line": 36,
          "column": 4
        },
        "end": {
          "line": 36,
          "column": 36
        }
      },
      "12": {
        "start": {
          "line": 39,
          "column": 21
        },
        "end": {
          "line": 41,
          "column": 3
        }
      },
      "13": {
        "start": {
          "line": 40,
          "column": 4
        },
        "end": {
          "line": 40,
          "column": 64
        }
      },
      "14": {
        "start": {
          "line": 43,
          "column": 26
        },
        "end": {
          "line": 46,
          "column": 3
        }
      },
      "15": {
        "start": {
          "line": 44,
          "column": 4
        },
        "end": {
          "line": 44,
          "column": 26
        }
      },
      "16": {
        "start": {
          "line": 45,
          "column": 4
        },
        "end": {
          "line": 45,
          "column": 21
        }
      },
      "17": {
        "start": {
          "line": 48,
          "column": 26
        },
        "end": {
          "line": 52,
          "column": 3
        }
      },
      "18": {
        "start": {
          "line": 49,
          "column": 4
        },
        "end": {
          "line": 49,
          "column": 54
        }
      },
      "19": {
        "start": {
          "line": 50,
          "column": 4
        },
        "end": {
          "line": 50,
          "column": 18
        }
      },
      "20": {
        "start": {
          "line": 51,
          "column": 4
        },
        "end": {
          "line": 51,
          "column": 22
        }
      },
      "21": {
        "start": {
          "line": 54,
          "column": 19
        },
        "end": {
          "line": 71,
          "column": 3
        }
      },
      "22": {
        "start": {
          "line": 55,
          "column": 4
        },
        "end": {
          "line": 55,
          "column": 27
        }
      },
      "23": {
        "start": {
          "line": 56,
          "column": 24
        },
        "end": {
          "line": 56,
          "column": 46
        }
      },
      "24": {
        "start": {
          "line": 57,
          "column": 19
        },
        "end": {
          "line": 57,
          "column": 47
        }
      },
      "25": {
        "start": {
          "line": 59,
          "column": 20
        },
        "end": {
          "line": 62,
          "column": 5
        }
      },
      "26": {
        "start": {
          "line": 64,
          "column": 21
        },
        "end": {
          "line": 64,
          "column": 52
        }
      },
      "27": {
        "start": {
          "line": 66,
          "column": 4
        },
        "end": {
          "line": 70,
          "column": 5
        }
      },
      "28": {
        "start": {
          "line": 67,
          "column": 6
        },
        "end": {
          "line": 67,
          "column": 47
        }
      },
      "29": {
        "start": {
          "line": 69,
          "column": 6
        },
        "end": {
          "line": 69,
          "column": 47
        }
      },
      "30": {
        "start": {
          "line": 73,
          "column": 19
        },
        "end": {
          "line": 73,
          "column": 30
        }
      },
      "31": {
        "start": {
          "line": 75,
          "column": 2
        },
        "end": {
          "line": 77,
          "column": 3
        }
      },
      "32": {
        "start": {
          "line": 76,
          "column": 4
        },
        "end": {
          "line": 76,
          "column": 31
        }
      },
      "33": {
        "start": {
          "line": 79,
          "column": 2
        },
        "end": {
          "line": 119,
          "column": 4
        }
      }
    },
    "fnMap": {
      "0": {
        "name": "(anonymous_0)",
        "decl": {
          "start": {
            "line": 22,
            "column": 24
          },
          "end": {
            "line": 22,
            "column": 25
          }
        },
        "loc": {
          "start": {
            "line": 22,
            "column": 30
          },
          "end": {
            "line": 120,
            "column": 1
          }
        },
        "line": 22
      },
      "1": {
        "name": "(anonymous_1)",
        "decl": {
          "start": {
            "line": 31,
            "column": 25
          },
          "end": {
            "line": 31,
            "column": 26
          }
        },
        "loc": {
          "start": {
            "line": 31,
            "column": 67
          },
          "end": {
            "line": 33,
            "column": 3
          }
        },
        "line": 31
      },
      "2": {
        "name": "(anonymous_2)",
        "decl": {
          "start": {
            "line": 35,
            "column": 25
          },
          "end": {
            "line": 35,
            "column": 26
          }
        },
        "loc": {
          "start": {
            "line": 35,
            "column": 67
          },
          "end": {
            "line": 37,
            "column": 3
          }
        },
        "line": 35
      },
      "3": {
        "name": "(anonymous_3)",
        "decl": {
          "start": {
            "line": 39,
            "column": 21
          },
          "end": {
            "line": 39,
            "column": 22
          }
        },
        "loc": {
          "start": {
            "line": 39,
            "column": 63
          },
          "end": {
            "line": 41,
            "column": 3
          }
        },
        "line": 39
      },
      "4": {
        "name": "(anonymous_4)",
        "decl": {
          "start": {
            "line": 43,
            "column": 26
          },
          "end": {
            "line": 43,
            "column": 27
          }
        },
        "loc": {
          "start": {
            "line": 43,
            "column": 48
          },
          "end": {
            "line": 46,
            "column": 3
          }
        },
        "line": 43
      },
      "5": {
        "name": "(anonymous_5)",
        "decl": {
          "start": {
            "line": 48,
            "column": 26
          },
          "end": {
            "line": 48,
            "column": 27
          }
        },
        "loc": {
          "start": {
            "line": 48,
            "column": 48
          },
          "end": {
            "line": 52,
            "column": 3
          }
        },
        "line": 48
      },
      "6": {
        "name": "(anonymous_6)",
        "decl": {
          "start": {
            "line": 54,
            "column": 19
          },
          "end": {
            "line": 54,
            "column": 20
          }
        },
        "loc": {
          "start": {
            "line": 54,
            "column": 47
          },
          "end": {
            "line": 71,
            "column": 3
          }
        },
        "line": 54
      }
    },
    "branchMap": {
      "0": {
        "loc": {
          "start": {
            "line": 40,
            "column": 20
          },
          "end": {
            "line": 40,
            "column": 62
          }
        },
        "type": "cond-expr",
        "locations": [
          {
            "start": {
              "line": 40,
              "column": 43
            },
            "end": {
              "line": 40,
              "column": 49
            }
          },
          {
            "start": {
              "line": 40,
              "column": 52
            },
            "end": {
              "line": 40,
              "column": 62
            }
          }
        ],
        "line": 40
      },
      "1": {
        "loc": {
          "start": {
            "line": 66,
            "column": 4
          },
          "end": {
            "line": 70,
            "column": 5
          }
        },
        "type": "if",
        "locations": [
          {
            "start": {
              "line": 66,
              "column": 4
            },
            "end": {
              "line": 70,
              "column": 5
            }
          },
          {
            "start": {
              "line": 66,
              "column": 4
            },
            "end": {
              "line": 70,
              "column": 5
            }
          }
        ],
        "line": 66
      },
      "2": {
        "loc": {
          "start": {
            "line": 75,
            "column": 2
          },
          "end": {
            "line": 77,
            "column": 3
          }
        },
        "type": "if",
        "locations": [
          {
            "start": {
              "line": 75,
              "column": 2
            },
            "end": {
              "line": 77,
              "column": 3
            }
          },
          {
            "start": {
              "line": 75,
              "column": 2
            },
            "end": {
              "line": 77,
              "column": 3
            }
          }
        ],
        "line": 75
      },
      "3": {
        "loc": {
          "start": {
            "line": 115,
            "column": 44
          },
          "end": {
            "line": 115,
            "column": 70
          }
        },
        "type": "binary-expr",
        "locations": [
          {
            "start": {
              "line": 115,
              "column": 44
            },
            "end": {
              "line": 115,
              "column": 51
            }
          },
          {
            "start": {
              "line": 115,
              "column": 55
            },
            "end": {
              "line": 115,
              "column": 70
            }
          }
        ],
        "line": 115
      }
    },
    "s": {
      "0": 7,
      "1": 7,
      "2": 4,
      "3": 4,
      "4": 4,
      "5": 4,
      "6": 4,
      "7": 4,
      "8": 4,
      "9": 0,
      "10": 4,
      "11": 0,
      "12": 4,
      "13": 0,
      "14": 4,
      "15": 0,
      "16": 0,
      "17": 4,
      "18": 0,
      "19": 0,
      "20": 0,
      "21": 4,
      "22": 0,
      "23": 0,
      "24": 0,
      "25": 0,
      "26": 0,
      "27": 0,
      "28": 0,
      "29": 0,
      "30": 4,
      "31": 4,
      "32": 0,
      "33": 4
    },
    "f": {
      "0": 4,
      "1": 0,
      "2": 0,
      "3": 0,
      "4": 0,
      "5": 0,
      "6": 0
    },
    "b": {
      "0": [
        0,
        0
      ],
      "1": [
        0,
        0
      ],
      "2": [
        0,
        4
      ],
      "3": [
        4,
        0
      ]
    },
    "_coverageSchema": "1a1c01bbd47fc00a2c39e90264f33305004495a9",
    "hash": "5219e616ab9c6f68b90c11167644739e920c260d"
  },
  "/home/kiran/Documents/Projects/ProjectNxtWatch/src/Constants/getAuthHeaders.tsx": {
    "path": "/home/kiran/Documents/Projects/ProjectNxtWatch/src/Constants/getAuthHeaders.tsx",
    "statementMap": {
      "0": {
        "start": {
          "line": 1,
          "column": 23
        },
        "end": {
          "line": 3,
          "column": 2
        }
      },
      "1": {
        "start": {
          "line": 1,
          "column": 73
        },
        "end": {
          "line": 3,
          "column": 1
        }
      }
    },
    "fnMap": {
      "0": {
        "name": "(anonymous_0)",
        "decl": {
          "start": {
            "line": 1,
            "column": 23
          },
          "end": {
            "line": 1,
            "column": 24
          }
        },
        "loc": {
          "start": {
            "line": 1,
            "column": 73
          },
          "end": {
            "line": 3,
            "column": 1
          }
        },
        "line": 1
      }
    },
    "branchMap": {},
    "s": {
      "0": 7,
      "1": 14
    },
    "f": {
      "0": 14
    },
    "b": {},
    "_coverageSchema": "1a1c01bbd47fc00a2c39e90264f33305004495a9",
    "hash": "f75b756a06b9567b033cdb1521daac67def27ed5"
  },
  "/home/kiran/Documents/Projects/ProjectNxtWatch/src/utils/fetchHomeVideos.tsx": {
    "path": "/home/kiran/Documents/Projects/ProjectNxtWatch/src/utils/fetchHomeVideos.tsx",
    "statementMap": {
      "0": {
        "start": {
          "line": 17,
          "column": 35
        },
        "end": {
          "line": 29,
          "column": 3
        }
      },
      "1": {
        "start": {
          "line": 31,
          "column": 31
        },
        "end": {
          "line": 62,
          "column": 1
        }
      },
      "2": {
        "start": {
          "line": 32,
          "column": 2
        },
        "end": {
          "line": 34,
          "column": 3
        }
      },
      "3": {
        "start": {
          "line": 33,
          "column": 4
        },
        "end": {
          "line": 33,
          "column": 22
        }
      },
      "4": {
        "start": {
          "line": 36,
          "column": 19
        },
        "end": {
          "line": 36,
          "column": 30
        }
      },
      "5": {
        "start": {
          "line": 37,
          "column": 2
        },
        "end": {
          "line": 39,
          "column": 3
        }
      },
      "6": {
        "start": {
          "line": 38,
          "column": 4
        },
        "end": {
          "line": 38,
          "column": 39
        }
      },
      "7": {
        "start": {
          "line": 41,
          "column": 14
        },
        "end": {
          "line": 41,
          "column": 69
        }
      },
      "8": {
        "start": {
          "line": 42,
          "column": 19
        },
        "end": {
          "line": 44,
          "column": 4
        }
      },
      "9": {
        "start": {
          "line": 46,
          "column": 2
        },
        "end": {
          "line": 61,
          "column": 3
        }
      },
      "10": {
        "start": {
          "line": 47,
          "column": 17
        },
        "end": {
          "line": 47,
          "column": 38
        }
      },
      "11": {
        "start": {
          "line": 48,
          "column": 4
        },
        "end": {
          "line": 58,
          "column": 26
        }
      },
      "12": {
        "start": {
          "line": 48,
          "column": 47
        },
        "end": {
          "line": 58,
          "column": 5
        }
      },
      "13": {
        "start": {
          "line": 60,
          "column": 4
        },
        "end": {
          "line": 60,
          "column": 36
        }
      }
    },
    "fnMap": {
      "0": {
        "name": "(anonymous_0)",
        "decl": {
          "start": {
            "line": 31,
            "column": 31
          },
          "end": {
            "line": 31,
            "column": 32
          }
        },
        "loc": {
          "start": {
            "line": 31,
            "column": 96
          },
          "end": {
            "line": 62,
            "column": 1
          }
        },
        "line": 31
      },
      "1": {
        "name": "(anonymous_1)",
        "decl": {
          "start": {
            "line": 48,
            "column": 27
          },
          "end": {
            "line": 48,
            "column": 28
          }
        },
        "loc": {
          "start": {
            "line": 48,
            "column": 47
          },
          "end": {
            "line": 58,
            "column": 5
          }
        },
        "line": 48
      }
    },
    "branchMap": {
      "0": {
        "loc": {
          "start": {
            "line": 32,
            "column": 2
          },
          "end": {
            "line": 34,
            "column": 3
          }
        },
        "type": "if",
        "locations": [
          {
            "start": {
              "line": 32,
              "column": 2
            },
            "end": {
              "line": 34,
              "column": 3
            }
          },
          {
            "start": {
              "line": 32,
              "column": 2
            },
            "end": {
              "line": 34,
              "column": 3
            }
          }
        ],
        "line": 32
      },
      "1": {
        "loc": {
          "start": {
            "line": 37,
            "column": 2
          },
          "end": {
            "line": 39,
            "column": 3
          }
        },
        "type": "if",
        "locations": [
          {
            "start": {
              "line": 37,
              "column": 2
            },
            "end": {
              "line": 39,
              "column": 3
            }
          },
          {
            "start": {
              "line": 37,
              "column": 2
            },
            "end": {
              "line": 39,
              "column": 3
            }
          }
        ],
        "line": 37
      },
      "2": {
        "loc": {
          "start": {
            "line": 46,
            "column": 2
          },
          "end": {
            "line": 61,
            "column": 3
          }
        },
        "type": "if",
        "locations": [
          {
            "start": {
              "line": 46,
              "column": 2
            },
            "end": {
              "line": 61,
              "column": 3
            }
          },
          {
            "start": {
              "line": 46,
              "column": 2
            },
            "end": {
              "line": 61,
              "column": 3
            }
          }
        ],
        "line": 46
      }
    },
    "s": {
      "0": 7,
      "1": 7,
      "2": 14,
      "3": 0,
      "4": 14,
      "5": 14,
      "6": 0,
      "7": 14,
      "8": 14,
      "9": 9,
      "10": 9,
      "11": 8,
      "12": 480,
      "13": 0
    },
    "f": {
      "0": 14,
      "1": 480
    },
    "b": {
      "0": [
        0,
        14
      ],
      "1": [
        0,
        14
      ],
      "2": [
        9,
        0
      ]
    },
    "_coverageSchema": "1a1c01bbd47fc00a2c39e90264f33305004495a9",
    "hash": "821e55cf521b2fc13e56cf582badaa8af6913256"
  },
  "/home/kiran/Documents/Projects/ProjectNxtWatch/src/ReduxFolder/HomeSlice.tsx": {
    "path": "/home/kiran/Documents/Projects/ProjectNxtWatch/src/ReduxFolder/HomeSlice.tsx",
    "statementMap": {
      "0": {
        "start": {
          "line": 23,
          "column": 32
        },
        "end": {
          "line": 27,
          "column": 1
        }
      },
      "1": {
        "start": {
          "line": 29,
          "column": 29
        },
        "end": {
          "line": 39,
          "column": 1
        }
      },
      "2": {
        "start": {
          "line": 32,
          "column": 19
        },
        "end": {
          "line": 32,
          "column": 53
        }
      },
      "3": {
        "start": {
          "line": 34,
          "column": 4
        },
        "end": {
          "line": 36,
          "column": 5
        }
      },
      "4": {
        "start": {
          "line": 35,
          "column": 6
        },
        "end": {
          "line": 35,
          "column": 37
        }
      },
      "5": {
        "start": {
          "line": 37,
          "column": 4
        },
        "end": {
          "line": 37,
          "column": 18
        }
      },
      "6": {
        "start": {
          "line": 42,
          "column": 18
        },
        "end": {
          "line": 65,
          "column": 2
        }
      },
      "7": {
        "start": {
          "line": 47,
          "column": 4
        },
        "end": {
          "line": 63,
          "column": 9
        }
      },
      "8": {
        "start": {
          "line": 49,
          "column": 8
        },
        "end": {
          "line": 49,
          "column": 33
        }
      },
      "9": {
        "start": {
          "line": 54,
          "column": 10
        },
        "end": {
          "line": 54,
          "column": 37
        }
      },
      "10": {
        "start": {
          "line": 55,
          "column": 10
        },
        "end": {
          "line": 57,
          "column": 11
        }
      },
      "11": {
        "start": {
          "line": 56,
          "column": 12
        },
        "end": {
          "line": 56,
          "column": 46
        }
      },
      "12": {
        "start": {
          "line": 61,
          "column": 8
        },
        "end": {
          "line": 61,
          "column": 32
        }
      },
      "13": {
        "start": {
          "line": 62,
          "column": 8
        },
        "end": {
          "line": 62,
          "column": 37
        }
      }
    },
    "fnMap": {
      "0": {
        "name": "(anonymous_0)",
        "decl": {
          "start": {
            "line": 31,
            "column": 2
          },
          "end": {
            "line": 31,
            "column": 3
          }
        },
        "loc": {
          "start": {
            "line": 31,
            "column": 54
          },
          "end": {
            "line": 38,
            "column": 3
          }
        },
        "line": 31
      },
      "1": {
        "name": "(anonymous_1)",
        "decl": {
          "start": {
            "line": 46,
            "column": 17
          },
          "end": {
            "line": 46,
            "column": 18
          }
        },
        "loc": {
          "start": {
            "line": 46,
            "column": 30
          },
          "end": {
            "line": 64,
            "column": 3
          }
        },
        "line": 46
      },
      "2": {
        "name": "(anonymous_2)",
        "decl": {
          "start": {
            "line": 48,
            "column": 38
          },
          "end": {
            "line": 48,
            "column": 39
          }
        },
        "loc": {
          "start": {
            "line": 48,
            "column": 49
          },
          "end": {
            "line": 50,
            "column": 7
          }
        },
        "line": 48
      },
      "3": {
        "name": "(anonymous_3)",
        "decl": {
          "start": {
            "line": 53,
            "column": 8
          },
          "end": {
            "line": 53,
            "column": 9
          }
        },
        "loc": {
          "start": {
            "line": 53,
            "column": 70
          },
          "end": {
            "line": 58,
            "column": 9
          }
        },
        "line": 53
      },
      "4": {
        "name": "(anonymous_4)",
        "decl": {
          "start": {
            "line": 60,
            "column": 39
          },
          "end": {
            "line": 60,
            "column": 40
          }
        },
        "loc": {
          "start": {
            "line": 60,
            "column": 78
          },
          "end": {
            "line": 63,
            "column": 7
          }
        },
        "line": 60
      }
    },
    "branchMap": {
      "0": {
        "loc": {
          "start": {
            "line": 34,
            "column": 4
          },
          "end": {
            "line": 36,
            "column": 5
          }
        },
        "type": "if",
        "locations": [
          {
            "start": {
              "line": 34,
              "column": 4
            },
            "end": {
              "line": 36,
              "column": 5
            }
          },
          {
            "start": {
              "line": 34,
              "column": 4
            },
            "end": {
              "line": 36,
              "column": 5
            }
          }
        ],
        "line": 34
      },
      "1": {
        "loc": {
          "start": {
            "line": 55,
            "column": 10
          },
          "end": {
            "line": 57,
            "column": 11
          }
        },
        "type": "if",
        "locations": [
          {
            "start": {
              "line": 55,
              "column": 10
            },
            "end": {
              "line": 57,
              "column": 11
            }
          },
          {
            "start": {
              "line": 55,
              "column": 10
            },
            "end": {
              "line": 57,
              "column": 11
            }
          }
        ],
        "line": 55
      }
    },
    "s": {
      "0": 7,
      "1": 7,
      "2": 14,
      "3": 8,
      "4": 0,
      "5": 8,
      "6": 7,
      "7": 7,
      "8": 14,
      "9": 8,
      "10": 8,
      "11": 8,
      "12": 0,
      "13": 0
    },
    "f": {
      "0": 14,
      "1": 7,
      "2": 14,
      "3": 8,
      "4": 0
    },
    "b": {
      "0": [
        0,
        8
      ],
      "1": [
        8,
        0
      ]
    },
    "_coverageSchema": "1a1c01bbd47fc00a2c39e90264f33305004495a9",
    "hash": "191d06464d4c3eb4f024d3269a0f96e4c915aa95"
  },
  "/home/kiran/Documents/Projects/ProjectNxtWatch/src/Context/ThemeContext.tsx": {
    "path": "/home/kiran/Documents/Projects/ProjectNxtWatch/src/Context/ThemeContext.tsx",
    "statementMap": {
      "0": {
        "start": {
          "line": 3,
          "column": 21
        },
        "end": {
          "line": 6,
          "column": 2
        }
      }
    },
    "fnMap": {
      "0": {
        "name": "(anonymous_0)",
        "decl": {
          "start": {
            "line": 5,
            "column": 15
          },
          "end": {
            "line": 5,
            "column": 16
          }
        },
        "loc": {
          "start": {
            "line": 5,
            "column": 21
          },
          "end": {
            "line": 5,
            "column": 23
          }
        },
        "line": 5
      }
    },
    "branchMap": {},
    "s": {
      "0": 7
    },
    "f": {
      "0": 0
    },
    "b": {},
    "_coverageSchema": "1a1c01bbd47fc00a2c39e90264f33305004495a9",
    "hash": "f672373c930468d5a9662ec950a9796ddcb03284"
  },
  "/home/kiran/Documents/Projects/ProjectNxtWatch/src/Context/activeMenuConstants.ts": {
    "path": "/home/kiran/Documents/Projects/ProjectNxtWatch/src/Context/activeMenuConstants.ts",
    "statementMap": {
      "0": {
        "start": {
          "line": 1,
          "column": 35
        },
        "end": {
          "line": 7,
          "column": 10
        }
      }
    },
    "fnMap": {},
    "branchMap": {},
    "s": {
      "0": 7
    },
    "f": {},
    "b": {},
    "_coverageSchema": "1a1c01bbd47fc00a2c39e90264f33305004495a9",
    "hash": "0d048d2f53da6baab064ead9edff58fc997ee314"
  },
  "/home/kiran/Documents/Projects/ProjectNxtWatch/src/Context/ActiveMenuContext.tsx": {
    "path": "/home/kiran/Documents/Projects/ProjectNxtWatch/src/Context/ActiveMenuContext.tsx",
    "statementMap": {
      "0": {
        "start": {
          "line": 12,
          "column": 26
        },
        "end": {
          "line": 15,
          "column": 2
        }
      }
    },
    "fnMap": {
      "0": {
        "name": "(anonymous_0)",
        "decl": {
          "start": {
            "line": 14,
            "column": 20
          },
          "end": {
            "line": 14,
            "column": 21
          }
        },
        "loc": {
          "start": {
            "line": 14,
            "column": 26
          },
          "end": {
            "line": 14,
            "column": 28
          }
        },
        "line": 14
      }
    },
    "branchMap": {},
    "s": {
      "0": 7
    },
    "f": {
      "0": 0
    },
    "b": {},
    "_coverageSchema": "1a1c01bbd47fc00a2c39e90264f33305004495a9",
    "hash": "198976a51a0cf6e8fcdad03ada281fb27fbfb634"
  },
  "/home/kiran/Documents/Projects/ProjectNxtWatch/src/components/HomeBody/styledComponents.ts": {
    "path": "/home/kiran/Documents/Projects/ProjectNxtWatch/src/components/HomeBody/styledComponents.ts",
    "statementMap": {
      "0": {
        "start": {
          "line": 3,
          "column": 34
        },
        "end": {
          "line": 15,
          "column": 1
        }
      },
      "1": {
        "start": {
          "line": 17,
          "column": 25
        },
        "end": {
          "line": 19,
          "column": 1
        }
      },
      "2": {
        "start": {
          "line": 21,
          "column": 29
        },
        "end": {
          "line": 26,
          "column": 1
        }
      },
      "3": {
        "start": {
          "line": 28,
          "column": 27
        },
        "end": {
          "line": 30,
          "column": 1
        }
      },
      "4": {
        "start": {
          "line": 32,
          "column": 26
        },
        "end": {
          "line": 39,
          "column": 1
        }
      },
      "5": {
        "start": {
          "line": 38,
          "column": 23
        },
        "end": {
          "line": 38,
          "column": 69
        }
      },
      "6": {
        "start": {
          "line": 40,
          "column": 34
        },
        "end": {
          "line": 42,
          "column": 1
        }
      },
      "7": {
        "start": {
          "line": 43,
          "column": 37
        },
        "end": {
          "line": 49,
          "column": 1
        }
      },
      "8": {
        "start": {
          "line": 50,
          "column": 38
        },
        "end": {
          "line": 53,
          "column": 1
        }
      },
      "9": {
        "start": {
          "line": 54,
          "column": 32
        },
        "end": {
          "line": 67,
          "column": 1
        }
      }
    },
    "fnMap": {
      "0": {
        "name": "(anonymous_0)",
        "decl": {
          "start": {
            "line": 38,
            "column": 11
          },
          "end": {
            "line": 38,
            "column": 12
          }
        },
        "loc": {
          "start": {
            "line": 38,
            "column": 23
          },
          "end": {
            "line": 38,
            "column": 69
          }
        },
        "line": 38
      }
    },
    "branchMap": {
      "0": {
        "loc": {
          "start": {
            "line": 38,
            "column": 23
          },
          "end": {
            "line": 38,
            "column": 69
          }
        },
        "type": "cond-expr",
        "locations": [
          {
            "start": {
              "line": 38,
              "column": 48
            },
            "end": {
              "line": 38,
              "column": 57
            }
          },
          {
            "start": {
              "line": 38,
              "column": 60
            },
            "end": {
              "line": 38,
              "column": 69
            }
          }
        ],
        "line": 38
      }
    },
    "s": {
      "0": 7,
      "1": 7,
      "2": 7,
      "3": 7,
      "4": 7,
      "5": 960,
      "6": 7,
      "7": 7,
      "8": 7,
      "9": 7
    },
    "f": {
      "0": 960
    },
    "b": {
      "0": [
        240,
        720
      ]
    },
    "_coverageSchema": "1a1c01bbd47fc00a2c39e90264f33305004495a9",
    "hash": "86096db1e666fbd961b3af25102dcf00b74c0391"
  },
  "/home/kiran/Documents/Projects/ProjectNxtWatch/src/components/HomeBody/index.tsx": {
    "path": "/home/kiran/Documents/Projects/ProjectNxtWatch/src/components/HomeBody/index.tsx",
    "statementMap": {
      "0": {
        "start": {
          "line": 41,
          "column": 37
        },
        "end": {
          "line": 87,
          "column": 1
        }
      },
      "1": {
        "start": {
          "line": 43,
          "column": 4
        },
        "end": {
          "line": 43,
          "column": 16
        }
      },
      "2": {
        "start": {
          "line": 45,
          "column": 17
        },
        "end": {
          "line": 45,
          "column": 59
        }
      },
      "3": {
        "start": {
          "line": 46,
          "column": 23
        },
        "end": {
          "line": 46,
          "column": 42
        }
      },
      "4": {
        "start": {
          "line": 48,
          "column": 2
        },
        "end": {
          "line": 51,
          "column": 3
        }
      },
      "5": {
        "start": {
          "line": 49,
          "column": 4
        },
        "end": {
          "line": 49,
          "column": 25
        }
      },
      "6": {
        "start": {
          "line": 50,
          "column": 4
        },
        "end": {
          "line": 50,
          "column": 38
        }
      },
      "7": {
        "start": {
          "line": 53,
          "column": 36
        },
        "end": {
          "line": 53,
          "column": 43
        }
      },
      "8": {
        "start": {
          "line": 55,
          "column": 23
        },
        "end": {
          "line": 55,
          "column": 47
        }
      },
      "9": {
        "start": {
          "line": 56,
          "column": 28
        },
        "end": {
          "line": 56,
          "column": 57
        }
      },
      "10": {
        "start": {
          "line": 58,
          "column": 16
        },
        "end": {
          "line": 58,
          "column": 59
        }
      },
      "11": {
        "start": {
          "line": 60,
          "column": 2
        },
        "end": {
          "line": 86,
          "column": 4
        }
      },
      "12": {
        "start": {
          "line": 66,
          "column": 23
        },
        "end": {
          "line": 66,
          "column": 68
        }
      }
    },
    "fnMap": {
      "0": {
        "name": "(anonymous_0)",
        "decl": {
          "start": {
            "line": 41,
            "column": 37
          },
          "end": {
            "line": 41,
            "column": 38
          }
        },
        "loc": {
          "start": {
            "line": 41,
            "column": 59
          },
          "end": {
            "line": 87,
            "column": 1
          }
        },
        "line": 41
      },
      "1": {
        "name": "(anonymous_1)",
        "decl": {
          "start": {
            "line": 66,
            "column": 17
          },
          "end": {
            "line": 66,
            "column": 18
          }
        },
        "loc": {
          "start": {
            "line": 66,
            "column": 23
          },
          "end": {
            "line": 66,
            "column": 68
          }
        },
        "line": 66
      }
    },
    "branchMap": {
      "0": {
        "loc": {
          "start": {
            "line": 48,
            "column": 2
          },
          "end": {
            "line": 51,
            "column": 3
          }
        },
        "type": "if",
        "locations": [
          {
            "start": {
              "line": 48,
              "column": 2
            },
            "end": {
              "line": 51,
              "column": 3
            }
          },
          {
            "start": {
              "line": 48,
              "column": 2
            },
            "end": {
              "line": 51,
              "column": 3
            }
          }
        ],
        "line": 48
      },
      "1": {
        "loc": {
          "start": {
            "line": 58,
            "column": 16
          },
          "end": {
            "line": 58,
            "column": 59
          }
        },
        "type": "cond-expr",
        "locations": [
          {
            "start": {
              "line": 58,
              "column": 43
            },
            "end": {
              "line": 58,
              "column": 49
            }
          },
          {
            "start": {
              "line": 58,
              "column": 52
            },
            "end": {
              "line": 58,
              "column": 59
            }
          }
        ],
        "line": 58
      }
    },
    "s": {
      "0": 7,
      "1": 960,
      "2": 960,
      "3": 960,
      "4": 960,
      "5": 960,
      "6": 960,
      "7": 960,
      "8": 960,
      "9": 960,
      "10": 960,
      "11": 960,
      "12": 0
    },
    "f": {
      "0": 960,
      "1": 0
    },
    "b": {
      "0": [
        960,
        0
      ],
      "1": [
        240,
        720
      ]
    },
    "_coverageSchema": "1a1c01bbd47fc00a2c39e90264f33305004495a9",
    "hash": "8cd1de76189e972466434cdac8d01cc8bcc0f87c"
  },
  "/home/kiran/Documents/Projects/ProjectNxtWatch/src/components/Header/styledComponents.ts": {
    "path": "/home/kiran/Documents/Projects/ProjectNxtWatch/src/components/Header/styledComponents.ts",
    "statementMap": {
      "0": {
        "start": {
          "line": 3,
          "column": 34
        },
        "end": {
          "line": 14,
          "column": 1
        }
      },
      "1": {
        "start": {
          "line": 10,
          "column": 4
        },
        "end": {
          "line": 10,
          "column": 50
        }
      },
      "2": {
        "start": {
          "line": 16,
          "column": 33
        },
        "end": {
          "line": 21,
          "column": 1
        }
      },
      "3": {
        "start": {
          "line": 23,
          "column": 29
        },
        "end": {
          "line": 28,
          "column": 1
        }
      },
      "4": {
        "start": {
          "line": 29,
          "column": 30
        },
        "end": {
          "line": 33,
          "column": 1
        }
      },
      "5": {
        "start": {
          "line": 35,
          "column": 26
        },
        "end": {
          "line": 41,
          "column": 1
        }
      },
      "6": {
        "start": {
          "line": 43,
          "column": 27
        },
        "end": {
          "line": 47,
          "column": 1
        }
      },
      "7": {
        "start": {
          "line": 48,
          "column": 34
        },
        "end": {
          "line": 64,
          "column": 1
        }
      },
      "8": {
        "start": {
          "line": 50,
          "column": 4
        },
        "end": {
          "line": 50,
          "column": 50
        }
      },
      "9": {
        "start": {
          "line": 59,
          "column": 23
        },
        "end": {
          "line": 59,
          "column": 69
        }
      },
      "10": {
        "start": {
          "line": 69,
          "column": 22
        },
        "end": {
          "line": 77,
          "column": 1
        }
      },
      "11": {
        "start": {
          "line": 78,
          "column": 27
        },
        "end": {
          "line": 82,
          "column": 1
        }
      },
      "12": {
        "start": {
          "line": 83,
          "column": 29
        },
        "end": {
          "line": 87,
          "column": 1
        }
      },
      "13": {
        "start": {
          "line": 88,
          "column": 33
        },
        "end": {
          "line": 95,
          "column": 1
        }
      },
      "14": {
        "start": {
          "line": 93,
          "column": 23
        },
        "end": {
          "line": 93,
          "column": 69
        }
      },
      "15": {
        "start": {
          "line": 94,
          "column": 30
        },
        "end": {
          "line": 94,
          "column": 76
        }
      },
      "16": {
        "start": {
          "line": 96,
          "column": 31
        },
        "end": {
          "line": 107,
          "column": 1
        }
      },
      "17": {
        "start": {
          "line": 106,
          "column": 4
        },
        "end": {
          "line": 106,
          "column": 50
        }
      },
      "18": {
        "start": {
          "line": 108,
          "column": 30
        },
        "end": {
          "line": 114,
          "column": 1
        }
      }
    },
    "fnMap": {
      "0": {
        "name": "(anonymous_0)",
        "decl": {
          "start": {
            "line": 9,
            "column": 22
          },
          "end": {
            "line": 9,
            "column": 23
          }
        },
        "loc": {
          "start": {
            "line": 10,
            "column": 4
          },
          "end": {
            "line": 10,
            "column": 50
          }
        },
        "line": 10
      },
      "1": {
        "name": "(anonymous_1)",
        "decl": {
          "start": {
            "line": 49,
            "column": 22
          },
          "end": {
            "line": 49,
            "column": 23
          }
        },
        "loc": {
          "start": {
            "line": 50,
            "column": 4
          },
          "end": {
            "line": 50,
            "column": 50
          }
        },
        "line": 50
      },
      "2": {
        "name": "(anonymous_2)",
        "decl": {
          "start": {
            "line": 59,
            "column": 11
          },
          "end": {
            "line": 59,
            "column": 12
          }
        },
        "loc": {
          "start": {
            "line": 59,
            "column": 23
          },
          "end": {
            "line": 59,
            "column": 69
          }
        },
        "line": 59
      },
      "3": {
        "name": "(anonymous_3)",
        "decl": {
          "start": {
            "line": 93,
            "column": 11
          },
          "end": {
            "line": 93,
            "column": 12
          }
        },
        "loc": {
          "start": {
            "line": 93,
            "column": 23
          },
          "end": {
            "line": 93,
            "column": 69
          }
        },
        "line": 93
      },
      "4": {
        "name": "(anonymous_4)",
        "decl": {
          "start": {
            "line": 94,
            "column": 18
          },
          "end": {
            "line": 94,
            "column": 19
          }
        },
        "loc": {
          "start": {
            "line": 94,
            "column": 30
          },
          "end": {
            "line": 94,
            "column": 76
          }
        },
        "line": 94
      },
      "5": {
        "name": "(anonymous_5)",
        "decl": {
          "start": {
            "line": 105,
            "column": 22
          },
          "end": {
            "line": 105,
            "column": 23
          }
        },
        "loc": {
          "start": {
            "line": 106,
            "column": 4
          },
          "end": {
            "line": 106,
            "column": 50
          }
        },
        "line": 106
      }
    },
    "branchMap": {
      "0": {
        "loc": {
          "start": {
            "line": 10,
            "column": 4
          },
          "end": {
            "line": 10,
            "column": 50
          }
        },
        "type": "cond-expr",
        "locations": [
          {
            "start": {
              "line": 10,
              "column": 29
            },
            "end": {
              "line": 10,
              "column": 38
            }
          },
          {
            "start": {
              "line": 10,
              "column": 41
            },
            "end": {
              "line": 10,
              "column": 50
            }
          }
        ],
        "line": 10
      },
      "1": {
        "loc": {
          "start": {
            "line": 50,
            "column": 4
          },
          "end": {
            "line": 50,
            "column": 50
          }
        },
        "type": "cond-expr",
        "locations": [
          {
            "start": {
              "line": 50,
              "column": 29
            },
            "end": {
              "line": 50,
              "column": 38
            }
          },
          {
            "start": {
              "line": 50,
              "column": 41
            },
            "end": {
              "line": 50,
              "column": 50
            }
          }
        ],
        "line": 50
      },
      "2": {
        "loc": {
          "start": {
            "line": 59,
            "column": 23
          },
          "end": {
            "line": 59,
            "column": 69
          }
        },
        "type": "cond-expr",
        "locations": [
          {
            "start": {
              "line": 59,
              "column": 48
            },
            "end": {
              "line": 59,
              "column": 57
            }
          },
          {
            "start": {
              "line": 59,
              "column": 60
            },
            "end": {
              "line": 59,
              "column": 69
            }
          }
        ],
        "line": 59
      },
      "3": {
        "loc": {
          "start": {
            "line": 93,
            "column": 23
          },
          "end": {
            "line": 93,
            "column": 69
          }
        },
        "type": "cond-expr",
        "locations": [
          {
            "start": {
              "line": 93,
              "column": 48
            },
            "end": {
              "line": 93,
              "column": 57
            }
          },
          {
            "start": {
              "line": 93,
              "column": 60
            },
            "end": {
              "line": 93,
              "column": 69
            }
          }
        ],
        "line": 93
      },
      "4": {
        "loc": {
          "start": {
            "line": 94,
            "column": 30
          },
          "end": {
            "line": 94,
            "column": 76
          }
        },
        "type": "cond-expr",
        "locations": [
          {
            "start": {
              "line": 94,
              "column": 55
            },
            "end": {
              "line": 94,
              "column": 64
            }
          },
          {
            "start": {
              "line": 94,
              "column": 67
            },
            "end": {
              "line": 94,
              "column": 76
            }
          }
        ],
        "line": 94
      },
      "5": {
        "loc": {
          "start": {
            "line": 106,
            "column": 4
          },
          "end": {
            "line": 106,
            "column": 50
          }
        },
        "type": "cond-expr",
        "locations": [
          {
            "start": {
              "line": 106,
              "column": 29
            },
            "end": {
              "line": 106,
              "column": 38
            }
          },
          {
            "start": {
              "line": 106,
              "column": 41
            },
            "end": {
              "line": 106,
              "column": 50
            }
          }
        ],
        "line": 106
      }
    },
    "s": {
      "0": 7,
      "1": 116,
      "2": 7,
      "3": 7,
      "4": 7,
      "5": 7,
      "6": 7,
      "7": 7,
      "8": 0,
      "9": 0,
      "10": 7,
      "11": 7,
      "12": 7,
      "13": 7,
      "14": 0,
      "15": 0,
      "16": 7,
      "17": 0,
      "18": 7
    },
    "f": {
      "0": 116,
      "1": 0,
      "2": 0,
      "3": 0,
      "4": 0,
      "5": 0
    },
    "b": {
      "0": [
        24,
        92
      ],
      "1": [
        0,
        0
      ],
      "2": [
        0,
        0
      ],
      "3": [
        0,
        0
      ],
      "4": [
        0,
        0
      ],
      "5": [
        0,
        0
      ]
    },
    "_coverageSchema": "1a1c01bbd47fc00a2c39e90264f33305004495a9",
    "hash": "835fb8dada4d670bffeaea0a9e81f3daba6bbb4e"
  },
  "/home/kiran/Documents/Projects/ProjectNxtWatch/src/components/LogoutPopup/styledComponents.ts": {
    "path": "/home/kiran/Documents/Projects/ProjectNxtWatch/src/components/LogoutPopup/styledComponents.ts",
    "statementMap": {
      "0": {
        "start": {
          "line": 7,
          "column": 34
        },
        "end": {
          "line": 23,
          "column": 1
        }
      },
      "1": {
        "start": {
          "line": 8,
          "column": 38
        },
        "end": {
          "line": 8,
          "column": 72
        }
      },
      "2": {
        "start": {
          "line": 9,
          "column": 27
        },
        "end": {
          "line": 9,
          "column": 61
        }
      },
      "3": {
        "start": {
          "line": 30,
          "column": 22
        },
        "end": {
          "line": 42,
          "column": 1
        }
      },
      "4": {
        "start": {
          "line": 36,
          "column": 4
        },
        "end": {
          "line": 36,
          "column": 45
        }
      },
      "5": {
        "start": {
          "line": 37,
          "column": 36
        },
        "end": {
          "line": 37,
          "column": 71
        }
      },
      "6": {
        "start": {
          "line": 39,
          "column": 4
        },
        "end": {
          "line": 39,
          "column": 53
        }
      }
    },
    "fnMap": {
      "0": {
        "name": "(anonymous_0)",
        "decl": {
          "start": {
            "line": 8,
            "column": 22
          },
          "end": {
            "line": 8,
            "column": 23
          }
        },
        "loc": {
          "start": {
            "line": 8,
            "column": 38
          },
          "end": {
            "line": 8,
            "column": 72
          }
        },
        "line": 8
      },
      "1": {
        "name": "(anonymous_1)",
        "decl": {
          "start": {
            "line": 9,
            "column": 11
          },
          "end": {
            "line": 9,
            "column": 12
          }
        },
        "loc": {
          "start": {
            "line": 9,
            "column": 27
          },
          "end": {
            "line": 9,
            "column": 61
          }
        },
        "line": 9
      },
      "2": {
        "name": "(anonymous_2)",
        "decl": {
          "start": {
            "line": 35,
            "column": 22
          },
          "end": {
            "line": 35,
            "column": 23
          }
        },
        "loc": {
          "start": {
            "line": 36,
            "column": 4
          },
          "end": {
            "line": 36,
            "column": 45
          }
        },
        "line": 36
      },
      "3": {
        "name": "(anonymous_3)",
        "decl": {
          "start": {
            "line": 37,
            "column": 11
          },
          "end": {
            "line": 37,
            "column": 12
          }
        },
        "loc": {
          "start": {
            "line": 37,
            "column": 36
          },
          "end": {
            "line": 37,
            "column": 71
          }
        },
        "line": 37
      },
      "4": {
        "name": "(anonymous_4)",
        "decl": {
          "start": {
            "line": 38,
            "column": 12
          },
          "end": {
            "line": 38,
            "column": 13
          }
        },
        "loc": {
          "start": {
            "line": 39,
            "column": 4
          },
          "end": {
            "line": 39,
            "column": 53
          }
        },
        "line": 39
      }
    },
    "branchMap": {
      "0": {
        "loc": {
          "start": {
            "line": 8,
            "column": 38
          },
          "end": {
            "line": 8,
            "column": 72
          }
        },
        "type": "cond-expr",
        "locations": [
          {
            "start": {
              "line": 8,
              "column": 57
            },
            "end": {
              "line": 8,
              "column": 63
            }
          },
          {
            "start": {
              "line": 8,
              "column": 66
            },
            "end": {
              "line": 8,
              "column": 72
            }
          }
        ],
        "line": 8
      },
      "1": {
        "loc": {
          "start": {
            "line": 9,
            "column": 27
          },
          "end": {
            "line": 9,
            "column": 61
          }
        },
        "type": "cond-expr",
        "locations": [
          {
            "start": {
              "line": 9,
              "column": 46
            },
            "end": {
              "line": 9,
              "column": 52
            }
          },
          {
            "start": {
              "line": 9,
              "column": 55
            },
            "end": {
              "line": 9,
              "column": 61
            }
          }
        ],
        "line": 9
      },
      "2": {
        "loc": {
          "start": {
            "line": 36,
            "column": 4
          },
          "end": {
            "line": 36,
            "column": 45
          }
        },
        "type": "cond-expr",
        "locations": [
          {
            "start": {
              "line": 36,
              "column": 14
            },
            "end": {
              "line": 36,
              "column": 27
            }
          },
          {
            "start": {
              "line": 36,
              "column": 30
            },
            "end": {
              "line": 36,
              "column": 45
            }
          }
        ],
        "line": 36
      },
      "3": {
        "loc": {
          "start": {
            "line": 36,
            "column": 30
          },
          "end": {
            "line": 36,
            "column": 45
          }
        },
        "type": "binary-expr",
        "locations": [
          {
            "start": {
              "line": 36,
              "column": 30
            },
            "end": {
              "line": 36,
              "column": 35
            }
          },
          {
            "start": {
              "line": 36,
              "column": 39
            },
            "end": {
              "line": 36,
              "column": 45
            }
          }
        ],
        "line": 36
      },
      "4": {
        "loc": {
          "start": {
            "line": 37,
            "column": 36
          },
          "end": {
            "line": 37,
            "column": 71
          }
        },
        "type": "cond-expr",
        "locations": [
          {
            "start": {
              "line": 37,
              "column": 46
            },
            "end": {
              "line": 37,
              "column": 61
            }
          },
          {
            "start": {
              "line": 37,
              "column": 64
            },
            "end": {
              "line": 37,
              "column": 71
            }
          }
        ],
        "line": 37
      },
      "5": {
        "loc": {
          "start": {
            "line": 37,
            "column": 46
          },
          "end": {
            "line": 37,
            "column": 61
          }
        },
        "type": "binary-expr",
        "locations": [
          {
            "start": {
              "line": 37,
              "column": 46
            },
            "end": {
              "line": 37,
              "column": 51
            }
          },
          {
            "start": {
              "line": 37,
              "column": 55
            },
            "end": {
              "line": 37,
              "column": 61
            }
          }
        ],
        "line": 37
      },
      "6": {
        "loc": {
          "start": {
            "line": 39,
            "column": 4
          },
          "end": {
            "line": 39,
            "column": 53
          }
        },
        "type": "cond-expr",
        "locations": [
          {
            "start": {
              "line": 39,
              "column": 14
            },
            "end": {
              "line": 39,
              "column": 44
            }
          },
          {
            "start": {
              "line": 39,
              "column": 47
            },
            "end": {
              "line": 39,
              "column": 53
            }
          }
        ],
        "line": 39
      },
      "7": {
        "loc": {
          "start": {
            "line": 39,
            "column": 27
          },
          "end": {
            "line": 39,
            "column": 42
          }
        },
        "type": "binary-expr",
        "locations": [
          {
            "start": {
              "line": 39,
              "column": 27
            },
            "end": {
              "line": 39,
              "column": 32
            }
          },
          {
            "start": {
              "line": 39,
              "column": 36
            },
            "end": {
              "line": 39,
              "column": 42
            }
          }
        ],
        "line": 39
      }
    },
    "s": {
      "0": 7,
      "1": 10,
      "2": 10,
      "3": 7,
      "4": 140,
      "5": 140,
      "6": 140
    },
    "f": {
      "0": 10,
      "1": 10,
      "2": 140,
      "3": 140,
      "4": 140
    },
    "b": {
      "0": [
        0,
        10
      ],
      "1": [
        0,
        10
      ],
      "2": [
        0,
        140
      ],
      "3": [
        140,
        130
      ],
      "4": [
        0,
        140
      ],
      "5": [
        0,
        0
      ],
      "6": [
        0,
        140
      ],
      "7": [
        0,
        0
      ]
    },
    "_coverageSchema": "1a1c01bbd47fc00a2c39e90264f33305004495a9",
    "hash": "a5d123dba3917014695ff4635dafd07384e5f2f4"
  },
  "/home/kiran/Documents/Projects/ProjectNxtWatch/src/components/LogoutPopup/index.tsx": {
    "path": "/home/kiran/Documents/Projects/ProjectNxtWatch/src/components/LogoutPopup/index.tsx",
    "statementMap": {
      "0": {
        "start": {
          "line": 10,
          "column": 48
        },
        "end": {
          "line": 51,
          "column": 1
        }
      },
      "1": {
        "start": {
          "line": 11,
          "column": 25
        },
        "end": {
          "line": 40,
          "column": 3
        }
      },
      "2": {
        "start": {
          "line": 12,
          "column": 4
        },
        "end": {
          "line": 39,
          "column": 6
        }
      },
      "3": {
        "start": {
          "line": 20,
          "column": 14
        },
        "end": {
          "line": 20,
          "column": 22
        }
      },
      "4": {
        "start": {
          "line": 31,
          "column": 14
        },
        "end": {
          "line": 31,
          "column": 30
        }
      },
      "5": {
        "start": {
          "line": 32,
          "column": 14
        },
        "end": {
          "line": 32,
          "column": 22
        }
      },
      "6": {
        "start": {
          "line": 42,
          "column": 2
        },
        "end": {
          "line": 50,
          "column": 4
        }
      }
    },
    "fnMap": {
      "0": {
        "name": "(anonymous_0)",
        "decl": {
          "start": {
            "line": 10,
            "column": 48
          },
          "end": {
            "line": 10,
            "column": 49
          }
        },
        "loc": {
          "start": {
            "line": 10,
            "column": 78
          },
          "end": {
            "line": 51,
            "column": 1
          }
        },
        "line": 10
      },
      "1": {
        "name": "(anonymous_1)",
        "decl": {
          "start": {
            "line": 11,
            "column": 25
          },
          "end": {
            "line": 11,
            "column": 26
          }
        },
        "loc": {
          "start": {
            "line": 11,
            "column": 48
          },
          "end": {
            "line": 40,
            "column": 3
          }
        },
        "line": 11
      },
      "2": {
        "name": "(anonymous_2)",
        "decl": {
          "start": {
            "line": 19,
            "column": 21
          },
          "end": {
            "line": 19,
            "column": 22
          }
        },
        "loc": {
          "start": {
            "line": 19,
            "column": 27
          },
          "end": {
            "line": 21,
            "column": 13
          }
        },
        "line": 19
      },
      "3": {
        "name": "(anonymous_3)",
        "decl": {
          "start": {
            "line": 30,
            "column": 21
          },
          "end": {
            "line": 30,
            "column": 22
          }
        },
        "loc": {
          "start": {
            "line": 30,
            "column": 27
          },
          "end": {
            "line": 33,
            "column": 13
          }
        },
        "line": 30
      }
    },
    "branchMap": {},
    "s": {
      "0": 7,
      "1": 116,
      "2": 120,
      "3": 0,
      "4": 2,
      "5": 2,
      "6": 116
    },
    "f": {
      "0": 116,
      "1": 120,
      "2": 0,
      "3": 2
    },
    "b": {},
    "_coverageSchema": "1a1c01bbd47fc00a2c39e90264f33305004495a9",
    "hash": "8d5e88791eb80ee7d7e04c0baceb5d5fc40f2b22"
  },
  "/home/kiran/Documents/Projects/ProjectNxtWatch/src/components/Header/index.tsx": {
    "path": "/home/kiran/Documents/Projects/ProjectNxtWatch/src/components/Header/index.tsx",
    "statementMap": {
      "0": {
        "start": {
          "line": 21,
          "column": 25
        },
        "end": {
          "line": 95,
          "column": 1
        }
      },
      "1": {
        "start": {
          "line": 22,
          "column": 19
        },
        "end": {
          "line": 22,
          "column": 32
        }
      },
      "2": {
        "start": {
          "line": 23,
          "column": 39
        },
        "end": {
          "line": 23,
          "column": 63
        }
      },
      "3": {
        "start": {
          "line": 24,
          "column": 31
        },
        "end": {
          "line": 24,
          "column": 60
        }
      },
      "4": {
        "start": {
          "line": 27,
          "column": 24
        },
        "end": {
          "line": 30,
          "column": 3
        }
      },
      "5": {
        "start": {
          "line": 28,
          "column": 4
        },
        "end": {
          "line": 28,
          "column": 19
        }
      },
      "6": {
        "start": {
          "line": 29,
          "column": 4
        },
        "end": {
          "line": 29,
          "column": 23
        }
      },
      "7": {
        "start": {
          "line": 32,
          "column": 21
        },
        "end": {
          "line": 45,
          "column": 3
        }
      },
      "8": {
        "start": {
          "line": 33,
          "column": 4
        },
        "end": {
          "line": 44,
          "column": 11
        }
      },
      "9": {
        "start": {
          "line": 42,
          "column": 23
        },
        "end": {
          "line": 42,
          "column": 47
        }
      },
      "10": {
        "start": {
          "line": 47,
          "column": 16
        },
        "end": {
          "line": 47,
          "column": 46
        }
      },
      "11": {
        "start": {
          "line": 48,
          "column": 16
        },
        "end": {
          "line": 48,
          "column": 47
        }
      },
      "12": {
        "start": {
          "line": 50,
          "column": 2
        },
        "end": {
          "line": 94,
          "column": 4
        }
      },
      "13": {
        "start": {
          "line": 75,
          "column": 27
        },
        "end": {
          "line": 75,
          "column": 51
        }
      }
    },
    "fnMap": {
      "0": {
        "name": "(anonymous_0)",
        "decl": {
          "start": {
            "line": 21,
            "column": 25
          },
          "end": {
            "line": 21,
            "column": 26
          }
        },
        "loc": {
          "start": {
            "line": 21,
            "column": 31
          },
          "end": {
            "line": 95,
            "column": 1
          }
        },
        "line": 21
      },
      "1": {
        "name": "(anonymous_1)",
        "decl": {
          "start": {
            "line": 27,
            "column": 24
          },
          "end": {
            "line": 27,
            "column": 25
          }
        },
        "loc": {
          "start": {
            "line": 27,
            "column": 30
          },
          "end": {
            "line": 30,
            "column": 3
          }
        },
        "line": 27
      },
      "2": {
        "name": "(anonymous_2)",
        "decl": {
          "start": {
            "line": 32,
            "column": 21
          },
          "end": {
            "line": 32,
            "column": 22
          }
        },
        "loc": {
          "start": {
            "line": 33,
            "column": 4
          },
          "end": {
            "line": 44,
            "column": 11
          }
        },
        "line": 33
      },
      "3": {
        "name": "(anonymous_3)",
        "decl": {
          "start": {
            "line": 42,
            "column": 17
          },
          "end": {
            "line": 42,
            "column": 18
          }
        },
        "loc": {
          "start": {
            "line": 42,
            "column": 23
          },
          "end": {
            "line": 42,
            "column": 47
          }
        },
        "line": 42
      },
      "4": {
        "name": "(anonymous_4)",
        "decl": {
          "start": {
            "line": 75,
            "column": 21
          },
          "end": {
            "line": 75,
            "column": 22
          }
        },
        "loc": {
          "start": {
            "line": 75,
            "column": 27
          },
          "end": {
            "line": 75,
            "column": 51
          }
        },
        "line": 75
      }
    },
    "branchMap": {
      "0": {
        "loc": {
          "start": {
            "line": 37,
            "column": 10
          },
          "end": {
            "line": 39,
            "column": 91
          }
        },
        "type": "cond-expr",
        "locations": [
          {
            "start": {
              "line": 38,
              "column": 14
            },
            "end": {
              "line": 38,
              "column": 90
            }
          },
          {
            "start": {
              "line": 39,
              "column": 14
            },
            "end": {
              "line": 39,
              "column": 91
            }
          }
        ],
        "line": 37
      },
      "1": {
        "loc": {
          "start": {
            "line": 47,
            "column": 16
          },
          "end": {
            "line": 47,
            "column": 46
          }
        },
        "type": "cond-expr",
        "locations": [
          {
            "start": {
              "line": 47,
              "column": 30
            },
            "end": {
              "line": 47,
              "column": 36
            }
          },
          {
            "start": {
              "line": 47,
              "column": 39
            },
            "end": {
              "line": 47,
              "column": 46
            }
          }
        ],
        "line": 47
      },
      "2": {
        "loc": {
          "start": {
            "line": 48,
            "column": 16
          },
          "end": {
            "line": 48,
            "column": 47
          }
        },
        "type": "cond-expr",
        "locations": [
          {
            "start": {
              "line": 48,
              "column": 30
            },
            "end": {
              "line": 48,
              "column": 37
            }
          },
          {
            "start": {
              "line": 48,
              "column": 40
            },
            "end": {
              "line": 48,
              "column": 47
            }
          }
        ],
        "line": 48
      },
      "3": {
        "loc": {
          "start": {
            "line": 56,
            "column": 13
          },
          "end": {
            "line": 60,
            "column": 13
          }
        },
        "type": "cond-expr",
        "locations": [
          {
            "start": {
              "line": 57,
              "column": 14
            },
            "end": {
              "line": 57,
              "column": 47
            }
          },
          {
            "start": {
              "line": 59,
              "column": 14
            },
            "end": {
              "line": 59,
              "column": 34
            }
          }
        ],
        "line": 56
      },
      "4": {
        "loc": {
          "start": {
            "line": 69,
            "column": 14
          },
          "end": {
[...]
          "end": {
            "line": 40,
            "column": 69
          }
        },
        "line": 40
      }
    },
    "branchMap": {
      "0": {
        "loc": {
          "start": {
            "line": 26,
            "column": 4
          },
          "end": {
            "line": 26,
            "column": 50
          }
        },
        "type": "cond-expr",
        "locations": [
          {
            "start": {
              "line": 26,
              "column": 29
            },
            "end": {
              "line": 26,
              "column": 38
            }
          },
          {
            "start": {
              "line": 26,
              "column": 41
            },
            "end": {
              "line": 26,
              "column": 50
            }
          }
        ],
        "line": 26
      },
      "1": {
        "loc": {
          "start": {
            "line": 40,
            "column": 23
          },
          "end": {
            "line": 40,
            "column": 69
          }
        },
        "type": "cond-expr",
        "locations": [
          {
            "start": {
              "line": 40,
              "column": 48
            },
            "end": {
              "line": 40,
              "column": 57
            }
          },
          {
            "start": {
              "line": 40,
              "column": 60
            },
            "end": {
              "line": 40,
              "column": 69
            }
          }
        ],
        "line": 40
      }
    },
    "s": {
      "0": 7,
      "1": 7,
      "2": 7,
      "3": 0,
      "4": 7,
      "5": 7,
      "6": 0
    },
    "f": {
      "0": 0,
      "1": 0
    },
    "b": {
      "0": [
        0,
        0
      ],
      "1": [
        0,
        0
      ]
    },
    "_coverageSchema": "1a1c01bbd47fc00a2c39e90264f33305004495a9",
    "hash": "fec3293a7554313b709ec785669329489408e985"
  },
  "/home/kiran/Documents/Projects/ProjectNxtWatch/src/components/NotFound/index.tsx": {
    "path": "/home/kiran/Documents/Projects/ProjectNxtWatch/src/components/NotFound/index.tsx",
    "statementMap": {
      "0": {
        "start": {
          "line": 16,
          "column": 17
        },
        "end": {
          "line": 39,
          "column": 1
        }
      },
      "1": {
        "start": {
          "line": 17,
          "column": 2
        },
        "end": {
          "line": 38,
          "column": 26
        }
      },
      "2": {
        "start": {
          "line": 19,
          "column": 30
        },
        "end": {
          "line": 19,
          "column": 35
        }
      },
      "3": {
        "start": {
          "line": 20,
          "column": 20
        },
        "end": {
          "line": 20,
          "column": 50
        }
      },
      "4": {
        "start": {
          "line": 22,
          "column": 21
        },
        "end": {
          "line": 24,
          "column": 33
        }
      },
      "5": {
        "start": {
          "line": 26,
          "column": 6
        },
        "end": {
          "line": 36,
          "column": 8
        }
      }
    },
    "fnMap": {
      "0": {
        "name": "(anonymous_0)",
        "decl": {
          "start": {
            "line": 16,
            "column": 17
          },
          "end": {
            "line": 16,
            "column": 18
          }
        },
        "loc": {
          "start": {
            "line": 17,
            "column": 2
          },
          "end": {
            "line": 38,
            "column": 26
          }
        },
        "line": 17
      },
      "1": {
        "name": "(anonymous_1)",
        "decl": {
          "start": {
            "line": 18,
            "column": 5
          },
          "end": {
            "line": 18,
            "column": 6
          }
        },
        "loc": {
          "start": {
            "line": 18,
            "column": 16
          },
          "end": {
            "line": 37,
            "column": 5
          }
        },
        "line": 18
      }
    },
    "branchMap": {
      "0": {
        "loc": {
          "start": {
            "line": 20,
            "column": 20
          },
          "end": {
            "line": 20,
            "column": 50
          }
        },
        "type": "cond-expr",
        "locations": [
          {
            "start": {
              "line": 20,
              "column": 34
            },
            "end": {
              "line": 20,
              "column": 40
            }
          },
          {
            "start": {
              "line": 20,
              "column": 43
            },
            "end": {
              "line": 20,
              "column": 50
            }
          }
        ],
        "line": 20
      },
      "1": {
        "loc": {
          "start": {
            "line": 22,
            "column": 21
          },
          "end": {
            "line": 24,
            "column": 33
          }
        },
        "type": "cond-expr",
        "locations": [
          {
            "start": {
              "line": 23,
              "column": 10
            },
            "end": {
              "line": 23,
              "column": 32
            }
          },
          {
            "start": {
              "line": 24,
              "column": 10
            },
            "end": {
              "line": 24,
              "column": 33
            }
          }
        ],
        "line": 22
      }
    },
    "s": {
      "0": 7,
      "1": 0,
      "2": 0,
      "3": 0,
      "4": 0,
      "5": 0
    },
    "f": {
      "0": 0,
      "1": 0
    },
    "b": {
      "0": [
        0,
        0
      ],
      "1": [
        0,
        0
      ]
    },
    "_coverageSchema": "1a1c01bbd47fc00a2c39e90264f33305004495a9",
    "hash": "159d0e503b7ef9702cf7ae513d2536a175089218"
  },
  "/home/kiran/Documents/Projects/ProjectNxtWatch/src/App.tsx": {
    "path": "/home/kiran/Documents/Projects/ProjectNxtWatch/src/App.tsx",
    "statementMap": {
      "0": {
        "start": {
          "line": 34,
          "column": 28
        },
        "end": {
          "line": 40,
          "column": 10
        }
      },
      "1": {
        "start": {
          "line": 52,
          "column": 20
        },
        "end": {
          "line": 57,
          "column": 3
        }
      },
      "2": {
        "start": {
          "line": 59,
          "column": 27
        },
        "end": {
          "line": 63,
          "column": 3
        }
      },
      "3": {
        "start": {
          "line": 60,
          "column": 4
        },
        "end": {
          "line": 62,
          "column": 8
        }
      },
      "4": {
        "start": {
          "line": 60,
          "column": 38
        },
        "end": {
          "line": 62,
          "column": 5
        }
      },
      "5": {
        "start": {
          "line": 65,
          "column": 32
        },
        "end": {
          "line": 73,
          "column": 3
        }
      },
      "6": {
        "start": {
          "line": 66,
          "column": 32
        },
        "end": {
          "line": 66,
          "column": 42
        }
      },
      "7": {
        "start": {
          "line": 68,
          "column": 24
        },
        "end": {
          "line": 70,
          "column": 5
        }
      },
      "8": {
        "start": {
          "line": 69,
          "column": 21
        },
        "end": {
          "line": 69,
          "column": 53
        }
      },
      "9": {
        "start": {
          "line": 72,
          "column": 4
        },
        "end": {
          "line": 72,
          "column": 52
        }
      },
      "10": {
        "start": {
          "line": 75,
          "column": 25
        },
        "end": {
          "line": 83,
          "column": 3
        }
      },
      "11": {
        "start": {
          "line": 76,
          "column": 21
        },
        "end": {
          "line": 76,
          "column": 31
        }
      },
      "12": {
        "start": {
          "line": 78,
          "column": 4
        },
        "end": {
          "line": 82,
          "column": 5
        }
      },
      "13": {
        "start": {
          "line": 79,
          "column": 6
        },
        "end": {
          "line": 79,
          "column": 53
        }
      },
      "14": {
        "start": {
          "line": 81,
          "column": 6
        },
        "end": {
          "line": 81,
          "column": 48
        }
      },
      "15": {
        "start": {
          "line": 85,
          "column": 15
        },
        "end": {
          "line": 90,
          "column": 3
        }
      },
      "16": {
        "start": {
          "line": 86,
          "column": 4
        },
        "end": {
          "line": 89,
          "column": 6
        }
      },
      "17": {
        "start": {
          "line": 87,
          "column": 26
        },
        "end": {
          "line": 87,
          "column": 55
        }
      },
      "18": {
        "start": {
          "line": 88,
          "column": 12
        },
        "end": {
          "line": 88,
          "column": 51
        }
      },
      "19": {
        "start": {
          "line": 92,
          "column": 16
        },
        "end": {
          "line": 94,
          "column": 3
        }
      },
      "20": {
        "start": {
          "line": 93,
          "column": 4
        },
        "end": {
          "line": 93,
          "column": 66
        }
      },
      "21": {
        "start": {
          "line": 93,
          "column": 29
        },
        "end": {
          "line": 93,
          "column": 63
        }
      },
      "22": {
        "start": {
          "line": 96,
          "column": 21
        },
        "end": {
          "line": 98,
          "column": 3
        }
      },
      "23": {
        "start": {
          "line": 97,
          "column": 4
        },
        "end": {
          "line": 97,
          "column": 41
        }
      },
      "24": {
        "start": {
          "line": 101,
          "column": 63
        },
        "end": {
          "line": 101,
          "column": 73
        }
      },
      "25": {
        "start": {
          "line": 102,
          "column": 4
        },
        "end": {
          "line": 135,
          "column": 6
        }
      }
    },
    "fnMap": {
      "0": {
        "name": "(anonymous_0)",
        "decl": {
          "start": {
            "line": 59,
            "column": 27
          },
          "end": {
            "line": 59,
            "column": 28
          }
        },
        "loc": {
          "start": {
            "line": 59,
            "column": 59
          },
          "end": {
            "line": 63,
            "column": 3
          }
        },
        "line": 59
      },
      "1": {
        "name": "(anonymous_1)",
        "decl": {
          "start": {
            "line": 60,
            "column": 18
          },
          "end": {
            "line": 60,
            "column": 19
          }
        },
        "loc": {
          "start": {
            "line": 60,
            "column": 38
          },
          "end": {
            "line": 62,
            "column": 5
          }
        },
        "line": 60
      },
      "2": {
        "name": "(anonymous_2)",
        "decl": {
          "start": {
            "line": 65,
            "column": 32
          },
          "end": {
            "line": 65,
            "column": 33
          }
        },
        "loc": {
          "start": {
            "line": 65,
            "column": 64
          },
          "end": {
            "line": 73,
            "column": 3
          }
        },
        "line": 65
      },
      "3": {
        "name": "(anonymous_3)",
        "decl": {
          "start": {
            "line": 69,
            "column": 6
          },
          "end": {
            "line": 69,
            "column": 7
          }
        },
        "loc": {
          "start": {
            "line": 69,
            "column": 21
          },
          "end": {
            "line": 69,
            "column": 53
          }
        },
        "line": 69
      },
      "4": {
        "name": "(anonymous_4)",
        "decl": {
          "start": {
            "line": 75,
            "column": 25
          },
          "end": {
            "line": 75,
            "column": 26
          }
        },
        "loc": {
          "start": {
            "line": 75,
            "column": 57
          },
          "end": {
            "line": 83,
            "column": 3
          }
        },
        "line": 75
      },
      "5": {
        "name": "(anonymous_5)",
        "decl": {
          "start": {
            "line": 85,
            "column": 15
          },
          "end": {
            "line": 85,
            "column": 16
          }
        },
        "loc": {
          "start": {
            "line": 85,
            "column": 47
          },
          "end": {
            "line": 90,
            "column": 3
          }
        },
        "line": 85
      },
      "6": {
        "name": "(anonymous_6)",
        "decl": {
          "start": {
            "line": 87,
            "column": 6
          },
          "end": {
            "line": 87,
            "column": 7
          }
        },
        "loc": {
          "start": {
            "line": 87,
            "column": 26
          },
          "end": {
            "line": 87,
            "column": 55
          }
        },
        "line": 87
      },
      "7": {
        "name": "(anonymous_7)",
        "decl": {
          "start": {
            "line": 88,
            "column": 6
          },
          "end": {
            "line": 88,
            "column": 7
          }
        },
        "loc": {
          "start": {
            "line": 88,
            "column": 12
          },
          "end": {
            "line": 88,
            "column": 51
          }
        },
        "line": 88
      },
      "8": {
        "name": "(anonymous_8)",
        "decl": {
          "start": {
            "line": 92,
            "column": 16
          },
          "end": {
            "line": 92,
            "column": 17
          }
        },
        "loc": {
          "start": {
            "line": 92,
            "column": 22
          },
          "end": {
            "line": 94,
            "column": 3
          }
        },
        "line": 92
      },
      "9": {
        "name": "(anonymous_9)",
        "decl": {
          "start": {
            "line": 93,
            "column": 18
          },
          "end": {
            "line": 93,
            "column": 19
          }
        },
        "loc": {
          "start": {
            "line": 93,
            "column": 29
          },
          "end": {
            "line": 93,
            "column": 63
          }
        },
        "line": 93
      },
      "10": {
        "name": "(anonymous_10)",
        "decl": {
          "start": {
            "line": 96,
            "column": 21
          },
          "end": {
            "line": 96,
            "column": 22
          }
        },
        "loc": {
          "start": {
            "line": 96,
            "column": 44
          },
          "end": {
            "line": 98,
            "column": 3
          }
        },
        "line": 96
      },
      "11": {
        "name": "(anonymous_11)",
        "decl": {
          "start": {
            "line": 100,
            "column": 2
          },
          "end": {
            "line": 100,
            "column": 3
          }
        },
        "loc": {
          "start": {
            "line": 100,
            "column": 25
          },
          "end": {
            "line": 136,
            "column": 3
          }
        },
        "line": 100
      }
    },
    "branchMap": {
      "0": {
        "loc": {
          "start": {
            "line": 78,
            "column": 4
          },
          "end": {
            "line": 82,
            "column": 5
          }
        },
        "type": "if",
        "locations": [
          {
            "start": {
              "line": 78,
              "column": 4
            },
            "end": {
              "line": 82,
              "column": 5
            }
          },
          {
            "start": {
              "line": 78,
              "column": 4
            },
            "end": {
              "line": 82,
              "column": 5
            }
          }
        ],
        "line": 78
      }
    },
    "s": {
      "0": 7,
      "1": 14,
      "2": 14,
      "3": 0,
      "4": 0,
      "5": 14,
      "6": 0,
      "7": 0,
      "8": 0,
      "9": 0,
      "10": 14,
      "11": 0,
      "12": 0,
      "13": 0,
      "14": 0,
      "15": 14,
      "16": 0,
      "17": 0,
      "18": 0,
      "19": 14,
      "20": 8,
      "21": 16,
      "22": 14,
      "23": 0,
      "24": 30,
      "25": 30
    },
    "f": {
      "0": 0,
      "1": 0,
      "2": 0,
      "3": 0,
      "4": 0,
      "5": 0,
      "6": 0,
      "7": 0,
      "8": 8,
      "9": 16,
      "10": 0,
      "11": 30
    },
    "b": {
      "0": [
        0,
        0
      ]
    },
    "_coverageSchema": "1a1c01bbd47fc00a2c39e90264f33305004495a9",
    "hash": "93f0c427649699a7f23a8800e752696f19206bf0"
  },
  "/home/kiran/Documents/Projects/ProjectNxtWatch/src/storeFolder/store.tsx": {
    "path": "/home/kiran/Documents/Projects/ProjectNxtWatch/src/storeFolder/store.tsx",
    "statementMap": {
      "0": {
        "start": {
          "line": 7,
          "column": 20
        },
        "end": {
          "line": 12,
          "column": 2
        }
      },
      "1": {
        "start": {
          "line": 14,
          "column": 26
        },
        "end": {
          "line": 19,
          "column": 1
        }
      },
      "2": {
        "start": {
          "line": 15,
          "column": 2
        },
        "end": {
          "line": 18,
          "column": 5
        }
      },
      "3": {
        "start": {
          "line": 22,
          "column": 14
        },
        "end": {
          "line": 22,
          "column": 26
        }
      }
    },
    "fnMap": {
      "0": {
        "name": "(anonymous_0)",
        "decl": {
          "start": {
            "line": 14,
            "column": 26
          },
          "end": {
            "line": 14,
            "column": 27
          }
        },
        "loc": {
          "start": {
            "line": 14,
            "column": 52
          },
          "end": {
            "line": 19,
            "column": 1
          }
        },
        "line": 14
      }
    },
    "branchMap": {},
    "s": {
      "0": 7,
      "1": 7,
      "2": 7,
      "3": 7
    },
    "f": {
      "0": 7
    },
    "b": {},
    "_coverageSchema": "1a1c01bbd47fc00a2c39e90264f33305004495a9",
    "hash": "a9eab38dfd29f906a40ba1077b0c6e964d59f968"
  },
  "/home/kiran/Documents/Projects/ProjectNxtWatch/src/index.tsx": {
    "path": "/home/kiran/Documents/Projects/ProjectNxtWatch/src/index.tsx",
    "statementMap": {
      "0": {
        "start": {
          "line": 13,
          "column": 20
        },
        "end": {
          "line": 13,
          "column": 52
        }
      },
      "1": {
        "start": {
          "line": 14,
          "column": 13
        },
        "end": {
          "line": 14,
          "column": 45
        }
      },
      "2": {
        "start": {
          "line": 18,
          "column": 0
        },
        "end": {
          "line": 24,
          "column": 2
        }
      }
    },
    "fnMap": {},
    "branchMap": {},
    "s": {
      "0": 7,
      "1": 7,
      "2": 7
    },
    "f": {},
    "b": {},
    "_coverageSchema": "1a1c01bbd47fc00a2c39e90264f33305004495a9",
    "hash": "8787872543c8489084fb194227c0a85d89139eea"
  }
}